Time: 09:44:14am| Item In: Rocket hub MF279T Amount: 16

Time: 09:46:39am| Item In: Cisco 561 single ear wireless Amount: 1

Time: 09:47:33am| Item In: Cisco 561 single ear wireless Amount: 4

Time: 09:51:00am| Item In: Cisco 561 single ear wireless Amount: 1

Time: 09:58:58am| Item In: 8861 Cisco Phone Amount: 25

Time: 10:01:55am| Item In: port superspeed usb hub Amount: 8

Time: 10:01:55am| Item In: port usb display port cable KVM switch Amount: 2

Time: 10:01:55am| Item In: port usb-c mini hub Amount: 8

Time: 10:03:40am| Item In: HP envy Amount: 15

Time: 10:03:40am| Item In: HP probook Amount: 31

Time: 10:05:51am| Item In: Datamax E-4205A(label printer) Amount: 17

Time: 10:05:51am| Item In: Datamax I-4212e(large label printer) Amount: 2

Time: 10:07:37am| Item In: Thick Client (Full) Amount: 9

Time: 10:09:17am| Item In: Logitech wireless mice Amount: 5

Time: 10:10:00am| Item In: Apc rep battery Amount: 16

Time: 10:10:38am| Item In: Logitech wireless keyboard Amount: 4

Time: 10:11:14am| Item In: USB extenders Amount: 159

Time: 10:12:40am| Item In: All in ones Amount: 2

Time: 10:13:03am| Item Out: All in ones Amount: 1

Time: 10:13:03am| Item In: Medical grade all in one Amount: 2

Time: 10:15:44am| Item In: 24in monitor Amount: 17

Time: 10:17:14am| Item Out: 8861 Cisco Phone Amount: 1

Time: 10:44:16am| Item Out: Datamax I-4212e(large label printer) Amount: 1

Time: 10:56:18am| Item In: Laserjet m404dn Amount: 12

Time: 11:09:58am| Item In: Monitor stand Amount: 16

