Time: 09:02:35am| Item Out: ThinClient Amount: 10

Time: 09:02:44am| Item In: ThinClient Amount: 20

Time: 09:06:29am| Item In: BarcodeScanners Amount: 5

Time: 09:22:24am| Item In: BarcodeScanners Amount: 180

Time: 09:22:42am| Item In: BarcodeScanners Amount: 500

Time: 09:22:47am| Item In: BarcodeScanners Amount: 500

Time: 09:23:10am| Item In: BarcodeScanners Amount: 500

Time: 09:23:13am| Item In: BarcodeScanners Amount: 500

Time: 09:23:14am| Item In: BarcodeScanners Amount: 500

Time: 09:23:18am| Item In: BarcodeScanners Amount: 500

Time: 09:23:19am| Item In: BarcodeScanners Amount: 500

Time: 09:23:20am| Item In: BarcodeScanners Amount: 500

Time: 09:23:21am| Item In: BarcodeScanners Amount: 500

Time: 09:23:23am| Item In: BarcodeScanners Amount: 500

Time: 09:23:24am| Item In: BarcodeScanners Amount: 500

Time: 09:23:26am| Item In: BarcodeScanners Amount: 500

Time: 09:23:27am| Item In: BarcodeScanners Amount: 500

Time: 09:23:28am| Item In: BarcodeScanners Amount: 500

Time: 09:23:30am| Item In: BarcodeScanners Amount: 500

Time: 09:23:30am| Item In: BarcodeScanners Amount: 500

Time: 09:23:32am| Item In: BarcodeScanners Amount: 500

Time: 09:23:34am| Item In: BarcodeScanners Amount: 500

Time: 09:23:36am| Item In: BarcodeScanners Amount: 500

Time: 09:23:36am| Item In: BarcodeScanners Amount: 500

Time: 09:24:01am| Item Out: BarcodeScanners Amount: 500

Time: 11:19:47am| Item In: BarcodeScanners Amount: 5

Time: 11:20:03am| Item In: Docks Amount: 5

Time: 11:20:03am| Item In: ThinClient Amount: 6

Time: 11:21:36am| Item In: BarcodeScanners Amount: 5

Time: 11:21:36am| Item Out: Docks Amount: 2

Time: 11:21:36am| Item In: LabelPrinters Amount: 5

Time: 11:32:23am| Item In: BarcodeScanners Amount: 1

