Time: 01:48:35pm| Item Out: Docks Amount: 15

Time: 01:48:41pm| Item In: Docks Amount: 25

Time: 01:49:42pm| Item Out: Docks Amount: 20

Time: 01:49:45pm| Item In: Docks Amount: 25

Time: 01:50:08pm| Item Out: Docks Amount: 4

Time: 01:57:38pm| Item In: Docks Amount: 5

Time: 01:58:53pm| Item In: Docks Amount: 15

Time: 01:59:01pm| Item In: SpeechMike Amount: 1

Time: 02:03:49pm| Item In: Docks Amount: 5

Time: 02:03:58pm| Item Out: Docks Amount: 5

Time: 02:04:24pm| Item In: Docks Amount: 205

Time: 02:05:06pm| Item In: Docks Amount: 5

Time: 02:23:07pm| Item Out: Docks Amount: 5

Time: 02:23:07pm| Item In: LabelPrinters Amount: 5

Time: 02:23:18pm| Item Out: Docks Amount: 5

Time: 02:23:33pm| Item In: Docks Amount: 5

Time: 02:23:33pm| Item Out: LabelPrinters Amount: 5

Time: 02:23:55pm| Item Out: Docks Amount: 1

Time: 02:36:26pm| Item Out: Docks Amount: 45

Time: 03:32:15pm| Item In: Docks Amount: 

Time: 03:32:19pm| Item In: Docks Amount: 5

