Time: 09:38:55am| Item In: BarcodeScanners Amount: 1

Time: 09:38:55am| Item In: BarcodeScanners Amount: 1

Time: 09:39:01am| Item In: BarcodeScanners Amount: 1

Time: 09:39:36am| Item In: BarcodeScanners Amount: 1

Time: 09:39:39am| Item Out: BarcodeScanners Amount: 6

Time: 09:39:39am| Item In: BarcodeScanners Amount: 1

Time: 09:39:47am| Item In: BarcodeScanners Amount: 8

Time: 09:39:52am| Item In: BarcodeScanners Amount: 2

Time: 09:40:03am| Item In: BarcodeScanners Amount: 4

Time: 09:40:20am| Item In: BarcodeScanners Amount: 2

Time: 09:48:05am| Item Out: BarcodeScanners Amount: 6

Time: 09:48:16am| Item Out: BarcodeScanners Amount: 12

Time: 09:48:21am| Item In: BarcodeScanners Amount: 3

Time: 10:03:42am| Item In: BarcodeScanners Amount: 12

Time: 10:03:42am| Item In: SpeechMike Amount: 15

Time: 10:03:42am| Item In: Docks Amount: 15

Time: 10:03:42am| Item In: Laptops Amount: 12

Time: 10:03:42am| Item In: Monitor Amount: 12

Time: 10:03:42am| Item In: ThickClient Amount: 12

Time: 10:03:42am| Item In: ThinClient Amount: 12

Time: 10:03:42am| Item In: LabelPrinters Amount: 12

Time: 10:03:42am| Item In: Printers Amount: 12

Time: 10:04:56am| Item Out: BarcodeScanners Amount: 15

Time: 10:08:04am| Item Out: Monitor Amount: 9

Time: 10:08:37am| Item Out: Docks Amount: 20

Time: 10:31:30am| Item Out: Laptops Amount: 15

Time: 11:13:56am| Item In: BarcodeScanners Amount: 3

Time: 11:14:41am| Item In: BarcodeScanners Amount: 9

Time: 11:14:53am| Item Out: BarcodeScanners Amount: 12

Time: 11:14:53am| Item In: SpeechMike Amount: 12

Time: 11:15:20am| Item Out: SpeechMike Amount: 12

Time: 11:15:20am| Item In: Docks Amount: 9

Time: 11:15:20am| Item In: LabelPrinters Amount: 3

Time: 12:03:52pm| Item In: single-ear-headset-wired Amount: 3

Time: 12:27:04pm| Item In: LabelPrinters Amount: 3

Time: 12:36:19pm| Item In: LabelPrinters Amount: 3

Time: 12:46:51pm| Item In: Monitor Amount: 24

