Time: 10:40:08am| Item In: Printers Amount: 3

Time: 10:50:03am| Item In: HP_ProDesk_600_G3_(Big_thick_client) Amount: 6

Time: 10:50:09am| Item Out: HP_ProDesk_600_G3_(Big_thick_client) Amount: 6

Time: 12:10:16pm| Item In: HP ProDesk 600 G3 (Big thick client) Amount: 3

Time: 12:16:40pm| Item In: HP ProDesk 600 G3 (Big thick client) Amount: 3

Time: 12:16:47pm| Item Out: HP ProDesk 600 G3 (Big thick client) Amount: 3

Time: 02:08:36pm| Item In: Label Printers Amount: 3

Time: 02:55:54pm| Item In: Health card reader Amount: 30

Time: 02:59:16pm| Item In: (new)Fujitsu SP-1120N(document scanner) Amount: 5

Time: 03:00:46pm| Item In: Cisco Headset 531 single USB Amount: 53

Time: 03:03:26pm| Item In: HP USB-C dock G5 Amount: 87

Time: 03:03:50pm| Item In: Power bars Amount: 21

Time: 03:05:26pm| Item In: (new)Fujitsu SP-1120N(document scanner) Amount: 3

Time: 03:05:49pm| Item Out: (new)Fujitsu SP-1120N(document scanner) Amount: 3

Time: 03:11:32pm| Item In: Cisco 730 dual ear wireless  Amount: 7

Time: 03:12:22pm| Item In: Cisco 561 single ear wireless Amount: 3

Time: 03:12:54pm| Item Out: Cisco 561 single ear wireless Amount: 3

Time: 03:13:41pm| Item In: RSA tokens Amount: 48

Time: 03:14:19pm| Item In: Cisco 561 single ear wireless Amount: 14

Time: 03:32:10pm| Item In: (new)Fujitsu SP-1120N(document scanner) Amount: 1

Time: 03:32:16pm| Item Out: (new)Fujitsu SP-1120N(document scanner) Amount: 1

