Time: 09:41:11am| Item In: LabelPrinters Amount: 12

Time: 09:41:16am| Item In: LabelPrinters Amount: 9

Time: 09:41:50am| Item Out: LabelPrinters Amount: 37

Time: 10:05:33am| Item In: LabelPrinters Amount: 15

Time: 10:05:38am| Item In: LabelPrinters Amount: 6

Time: 10:05:43am| Item In: LabelPrinters Amount: 6

Time: 10:05:49am| Item In: Laptops Amount: 12

Time: 10:05:55am| Item In: Monitor Amount: 9

Time: 10:06:00am| Item In: BarcodeScanners Amount: 9

Time: 10:36:13am| Item In: LabelPrinters Amount: 3

Time: 10:54:59am| Item In: LabelPrinters Amount: 3

Time: 11:03:35am| Item In: LabelPrinters Amount: 3

Time: 01:38:51pm| Item Out: single-ear-headset-wired Amount: 3

Time: 01:39:21pm| Item Out: single-ear-headset-wired Amount: 9

Time: 01:39:34pm| Item Out: single-ear-headset-wired Amount: 12

Time: 01:42:18pm| Item Out: ThinClient Amount: 15

Time: 01:42:25pm| Item Out: ThinClient Amount: 12

Time: 01:42:40pm| Item Out: LabelPrinters Amount: 40

Time: 01:43:27pm| Item Out: Printers Amount: 33

Time: 01:45:22pm| Item In: single-ear-headset-wired Amount: 30

Time: 01:45:22pm| Item In: ThinClient Amount: 33

Time: 01:45:22pm| Item In: LabelPrinters Amount: 30

Time: 01:45:22pm| Item In: Printers Amount: 30

Time: 03:07:38pm| Item In: SpeechMike Amount: 2

